0 info it worked if it ends with ok
1 verbose cli [ 'C:\\Program Files\\nodejs\\node.exe',
1 verbose cli   'C:\\Program Files\\nodejs\\node_modules\\npm\\bin\\npm-cli.js',
1 verbose cli   'run-script',
1 verbose cli   'debug' ]
2 info using npm@3.10.10
3 info using node@v6.9.5
4 verbose run-script [ 'predebug', 'debug', 'postdebug' ]
5 info lifecycle finddriver@1.0.0~predebug: finddriver@1.0.0
6 silly lifecycle finddriver@1.0.0~predebug: no script for predebug, continuing
7 info lifecycle finddriver@1.0.0~debug: finddriver@1.0.0
8 verbose lifecycle finddriver@1.0.0~debug: unsafe-perm in lifecycle true
9 verbose lifecycle finddriver@1.0.0~debug: PATH: C:\Program Files\nodejs\node_modules\npm\bin\node-gyp-bin;d:\Lam\DriveMonitor\node_modules\.bin;C:\ProgramData\Oracle\Java\javapath;C:\Windows\system32;C:\Windows;C:\Windows\System32\Wbem;C:\Windows\System32\WindowsPowerShell\v1.0\;C:\Windows\System32\WindowsPowerShell\v1.0\;C:\Windows\CCM;C:\Windows\CCM;C:\Windows\CCM;C:\Windows\CCM;C:\Windows\CCM;C:\Windows\CCM;C:\Program Files (x86)\Microsoft ASP.NET\ASP.NET Web Pages\v1.0\;C:\Program Files\Microsoft SQL Server\110\Tools\Binn\;C:\Program Files\Microsoft\Web Platform Installer\;C:\Program Files (x86)\Microsoft SQL Server\110\Tools\Binn\;C:\Program Files\Microsoft SQL Server\110\DTS\Binn\;C:\Program Files (x86)\Microsoft SQL Server\110\Tools\Binn\ManagementStudio\;C:\Program Files (x86)\Microsoft Visual Studio 10.0\Common7\IDE\PrivateAssemblies\;C:\Program Files (x86)\Microsoft SQL Server\110\DTS\Binn\;C:\Program Files (x86)\Windows Kits\8.1\Windows Performance Toolkit\;C:\Program Files (x86)\Microsoft SDKs\TypeScript\1.0\;C:\Program Files\Microsoft SQL Server\120\Tools\Binn\;C:\Program Files\nodejs\;C:\Program Files (x86)\Microsoft SDKs\TypeScript\1.4\;C:\Program Files\Microsoft SQL Server\130\Tools\Binn\;C:\Program Files\dotnet\;C:\Program Files (x86)\Microsoft Team Foundation Server 2015 Power Tools\;C:\Program Files\Git\cmd;C:\Users\thai-lam.dang\AppData\Roaming\npm;C:\Program Files (x86)\Microsoft VS Code\bin;C:\Users\thai-lam.dang\AppData\Local\Programs\Python\Python36;C:\Program Files (x86)\Heroku\bin
10 verbose lifecycle finddriver@1.0.0~debug: CWD: d:\Lam\DriveMonitor
11 silly lifecycle finddriver@1.0.0~debug: Args: [ '/d /s /c', 'node --nolazy --debug-brk=5858 server.js' ]
12 silly lifecycle finddriver@1.0.0~debug: Returned: code: 1  signal: null
13 info lifecycle finddriver@1.0.0~debug: Failed to exec debug script
14 verbose stack Error: finddriver@1.0.0 debug: `node --nolazy --debug-brk=5858 server.js`
14 verbose stack Exit status 1
14 verbose stack     at EventEmitter.<anonymous> (C:\Program Files\nodejs\node_modules\npm\lib\utils\lifecycle.js:255:16)
14 verbose stack     at emitTwo (events.js:106:13)
14 verbose stack     at EventEmitter.emit (events.js:191:7)
14 verbose stack     at ChildProcess.<anonymous> (C:\Program Files\nodejs\node_modules\npm\lib\utils\spawn.js:40:14)
14 verbose stack     at emitTwo (events.js:106:13)
14 verbose stack     at ChildProcess.emit (events.js:191:7)
14 verbose stack     at maybeClose (internal/child_process.js:877:16)
14 verbose stack     at Process.ChildProcess._handle.onexit (internal/child_process.js:226:5)
15 verbose pkgid finddriver@1.0.0
16 verbose cwd d:\Lam\DriveMonitor
17 error Windows_NT 6.1.7601
18 error argv "C:\\Program Files\\nodejs\\node.exe" "C:\\Program Files\\nodejs\\node_modules\\npm\\bin\\npm-cli.js" "run-script" "debug"
19 error node v6.9.5
20 error npm  v3.10.10
21 error code ELIFECYCLE
22 error finddriver@1.0.0 debug: `node --nolazy --debug-brk=5858 server.js`
22 error Exit status 1
23 error Failed at the finddriver@1.0.0 debug script 'node --nolazy --debug-brk=5858 server.js'.
23 error Make sure you have the latest version of node.js and npm installed.
23 error If you do, this is most likely a problem with the finddriver package,
23 error not with npm itself.
23 error Tell the author that this fails on your system:
23 error     node --nolazy --debug-brk=5858 server.js
23 error You can get information on how to open an issue for this project with:
23 error     npm bugs finddriver
23 error Or if that isn't available, you can get their info via:
23 error     npm owner ls finddriver
23 error There is likely additional logging output above.
24 verbose exit [ 1, true ]
